companyContact/build/outputs/logs/manifest-merger-debug-report.txt
-- Merging decision tree log ---
manifest
ADDED from src\main\AndroidManifest.xml:2:1-140:12
	package
		ADDED from src\main\AndroidManifest.xml:3:5-40
		INJECTED from src\main\AndroidManifest.xml
		INJECTED from src\main\AndroidManifest.xml
	android:versionName
		ADDED from src\main\AndroidManifest.xml:5:5-30
		INJECTED from src\main\AndroidManifest.xml
		INJECTED from src\main\AndroidManifest.xml
	android:versionCode
		ADDED from src\main\AndroidManifest.xml:4:5-28
		INJECTED from src\main\AndroidManifest.xml
		INJECTED from src\main\AndroidManifest.xml
	xmlns:android
		ADDED from src\main\AndroidManifest.xml:2:11-69
uses-sdk
ADDED from src\main\AndroidManifest.xml:7:5-9:41
MERGED from [CompanyContact:daoCore:unspecified] AndroidManifest.xml:7:5-9:40
MERGED from [CompanyContact:indexableListView:unspecified] AndroidManifest.xml:7:5-9:40
MERGED from [com.android.support:appcompat-v7:22.2.1] AndroidManifest.xml:20:5-43
MERGED from [com.android.support:support-v4:22.2.1] AndroidManifest.xml:20:5-43
MERGED from [com.android.support:appcompat-v7:22.2.1] AndroidManifest.xml:20:5-43
MERGED from [com.android.support:support-v4:22.2.1] AndroidManifest.xml:20:5-43
	android:targetSdkVersion
		ADDED from src\main\AndroidManifest.xml:9:9-38
		INJECTED from src\main\AndroidManifest.xml
		INJECTED from src\main\AndroidManifest.xml
	android:minSdkVersion
		ADDED from src\main\AndroidManifest.xml:8:9-35
		INJECTED from src\main\AndroidManifest.xml
		INJECTED from src\main\AndroidManifest.xml
uses-permission#android.permission.WRITE_CONTACTS
ADDED from src\main\AndroidManifest.xml:11:5-73
	android:name
		ADDED from src\main\AndroidManifest.xml:11:22-70
uses-permission#android.permission.READ_CONTACTS
ADDED from src\main\AndroidManifest.xml:12:5-72
	android:name
		ADDED from src\main\AndroidManifest.xml:12:22-69
uses-permission#android.permission.READ_EXTERNAL_STORAGE
ADDED from src\main\AndroidManifest.xml:13:5-80
	android:name
		ADDED from src\main\AndroidManifest.xml:13:22-77
uses-permission#android.permission.CALL_PHONE
ADDED from src\main\AndroidManifest.xml:14:5-69
	android:name
		ADDED from src\main\AndroidManifest.xml:14:22-66
uses-permission#android.permission.SEND_SMS
ADDED from src\main\AndroidManifest.xml:15:5-67
	android:name
		ADDED from src\main\AndroidManifest.xml:15:22-64
uses-permission#android.permission.INTERNET
ADDED from src\main\AndroidManifest.xml:18:5-67
	android:name
		ADDED from src\main\AndroidManifest.xml:18:22-64
uses-permission#android.permission.READ_PHONE_STATE
ADDED from src\main\AndroidManifest.xml:19:5-75
	android:name
		ADDED from src\main\AndroidManifest.xml:19:22-72
uses-permission#android.permission.ACCESS_NETWORK_STATE
ADDED from src\main\AndroidManifest.xml:20:5-79
	android:name
		ADDED from src\main\AndroidManifest.xml:20:22-76
uses-permission#android.permission.ACCESS_WIFI_STATE
ADDED from src\main\AndroidManifest.xml:21:5-76
	android:name
		ADDED from src\main\AndroidManifest.xml:21:22-73
uses-permission#android.permission.WRITE_EXTERNAL_STORAGE
ADDED from src\main\AndroidManifest.xml:22:5-81
	android:name
		ADDED from src\main\AndroidManifest.xml:22:22-78
uses-permission#android.permission.ACCESS_FINE_LOCATION
ADDED from src\main\AndroidManifest.xml:23:5-79
	android:name
		ADDED from src\main\AndroidManifest.xml:23:22-76
uses-permission#android.permission.ACCESS_COARSE_LOCATION
ADDED from src\main\AndroidManifest.xml:24:5-81
	android:name
		ADDED from src\main\AndroidManifest.xml:24:22-78
application
ADDED from src\main\AndroidManifest.xml:33:5-138:19
MERGED from [com.android.support:appcompat-v7:22.2.1] AndroidManifest.xml:22:5-20
MERGED from [com.android.support:support-v4:22.2.1] AndroidManifest.xml:22:5-20
MERGED from [com.android.support:appcompat-v7:22.2.1] AndroidManifest.xml:22:5-20
MERGED from [com.android.support:support-v4:22.2.1] AndroidManifest.xml:22:5-20
	android:label
		ADDED from src\main\AndroidManifest.xml:37:9-41
	android:allowBackup
		ADDED from src\main\AndroidManifest.xml:35:9-35
	android:icon
		ADDED from src\main\AndroidManifest.xml:36:9-39
	android:theme
		ADDED from src\main\AndroidManifest.xml:38:9-40
	android:name
		ADDED from src\main\AndroidManifest.xml:34:9-61
activity#com.monday.companycontact.ui.WelcomeActivity_
ADDED from src\main\AndroidManifest.xml:39:9-47:20
	android:theme
		ADDED from src\main\AndroidManifest.xml:41:13-44
	android:name
		ADDED from src\main\AndroidManifest.xml:40:13-73
intent-filter#android.intent.action.MAIN+android.intent.category.LAUNCHER
ADDED from src\main\AndroidManifest.xml:42:13-46:29
action#android.intent.action.MAIN
ADDED from src\main\AndroidManifest.xml:43:17-69
	android:name
		ADDED from src\main\AndroidManifest.xml:43:25-66
category#android.intent.category.LAUNCHER
ADDED from src\main\AndroidManifest.xml:45:17-77
	android:name
		ADDED from src\main\AndroidManifest.xml:45:27-74
activity#com.monday.companycontact.ui.SearchActivity_
ADDED from src\main\AndroidManifest.xml:48:9-64:20
	android:label
		ADDED from src\main\AndroidManifest.xml:50:13-31
	android:launchMode
		ADDED from src\main\AndroidManifest.xml:51:13-43
	android:name
		ADDED from src\main\AndroidManifest.xml:49:13-47
intent-filter#android.intent.action.SEARCH
ADDED from src\main\AndroidManifest.xml:52:13-54:29
action#android.intent.action.SEARCH
ADDED from src\main\AndroidManifest.xml:53:17-71
	android:name
		ADDED from src\main\AndroidManifest.xml:53:25-68
meta-data#android.app.searchable
ADDED from src\main\AndroidManifest.xml:57:13-59:54
	android:resource
		ADDED from src\main\AndroidManifest.xml:59:17-51
	android:name
		ADDED from src\main\AndroidManifest.xml:58:17-54
activity#com.monday.companycontact.ui.MainActivity_
ADDED from src\main\AndroidManifest.xml:65:9-68:47
	android:label
		ADDED from src\main\AndroidManifest.xml:67:13-45
	android:launchMode
		ADDED from src\main\AndroidManifest.xml:68:13-44
	android:name
		ADDED from src\main\AndroidManifest.xml:66:13-70
activity#com.monday.companycontact.ui.FileViewActivity_
ADDED from src\main\AndroidManifest.xml:69:9-71:38
	android:label
		ADDED from src\main\AndroidManifest.xml:71:13-35
	android:name
		ADDED from src\main\AndroidManifest.xml:70:13-74
activity#com.monday.companycontact.ui.HttpUpdateActivity_
ADDED from src\main\AndroidManifest.xml:72:9-74:40
	android:label
		ADDED from src\main\AndroidManifest.xml:74:13-37
	android:name
		ADDED from src\main\AndroidManifest.xml:73:13-76
activity#com.monday.companycontact.ui.IntroduceActivity_
ADDED from src\main\AndroidManifest.xml:75:9-77:36
	android:label
		ADDED from src\main\AndroidManifest.xml:77:13-33
	android:name
		ADDED from src\main\AndroidManifest.xml:76:13-75
activity#com.monday.companycontact.ui.ProviderParseActivity_
ADDED from src\main\AndroidManifest.xml:78:9-80:37
	android:label
		ADDED from src\main\AndroidManifest.xml:80:13-34
	android:name
		ADDED from src\main\AndroidManifest.xml:79:13-79
activity#com.monday.companycontact.ui.ProviderDetailActivity_
ADDED from src\main\AndroidManifest.xml:81:9-84:75
	android:label
		ADDED from src\main\AndroidManifest.xml:83:13-34
	android:windowSoftInputMode
		ADDED from src\main\AndroidManifest.xml:84:13-72
	android:name
		ADDED from src\main\AndroidManifest.xml:82:13-80
activity#com.monday.companycontact.ui.TellMeYourExcelActivity_
ADDED from src\main\AndroidManifest.xml:85:9-87:37
	android:label
		ADDED from src\main\AndroidManifest.xml:87:13-34
	android:name
		ADDED from src\main\AndroidManifest.xml:86:13-81
activity#com.monday.companycontact.ui.ImportToContactActivity_
ADDED from src\main\AndroidManifest.xml:88:9-90:38
	android:label
		ADDED from src\main\AndroidManifest.xml:90:13-35
	android:name
		ADDED from src\main\AndroidManifest.xml:89:13-81
activity#com.monday.companycontact.ui.ComingCallActivity_
ADDED from src\main\AndroidManifest.xml:91:9-94:54
	android:label
		ADDED from src\main\AndroidManifest.xml:93:13-33
	android:theme
		ADDED from src\main\AndroidManifest.xml:94:13-51
	android:name
		ADDED from src\main\AndroidManifest.xml:92:13-76
activity#com.monday.companycontact.ui.AddOneActivity_
ADDED from src\main\AndroidManifest.xml:95:9-97:39
	android:label
		ADDED from src\main\AndroidManifest.xml:97:13-36
	android:name
		ADDED from src\main\AndroidManifest.xml:96:13-72
service#com.monday.companycontact.service.PhoneLisntenService_
ADDED from src\main\AndroidManifest.xml:99:9-101:88
	android:process
		ADDED from src\main\AndroidManifest.xml:101:13-85
	android:name
		ADDED from src\main\AndroidManifest.xml:100:13-82
activity#com.umeng.fb.ConversationActivity
ADDED from src\main\AndroidManifest.xml:104:9-70
	android:name
		ADDED from src\main\AndroidManifest.xml:104:19-67
meta-data#UMENG_APPKEY
ADDED from src\main\AndroidManifest.xml:106:9-108:56
	android:value
		ADDED from src\main\AndroidManifest.xml:108:13-53
	android:name
		ADDED from src\main\AndroidManifest.xml:107:13-40
meta-data#UMENG_CHANNEL
ADDED from src\main\AndroidManifest.xml:109:9-111:34
	android:value
		ADDED from src\main\AndroidManifest.xml:111:13-31
	android:name
		ADDED from src\main\AndroidManifest.xml:110:13-41
activity#com.umeng.socialize.view.ShareActivity
ADDED from src\main\AndroidManifest.xml:113:9-119:71
	android:launchMode
		ADDED from src\main\AndroidManifest.xml:116:13-44
	android:noHistory
		ADDED from src\main\AndroidManifest.xml:117:13-37
	android:windowSoftInputMode
		ADDED from src\main\AndroidManifest.xml:119:13-68
	android:configChanges
		ADDED from src\main\AndroidManifest.xml:115:13-57
	android:theme
		ADDED from src\main\AndroidManifest.xml:118:13-50
	android:name
		ADDED from src\main\AndroidManifest.xml:114:13-66
activity#com.monday.companycontact.wxapi.WXEntryActivity
ADDED from src\main\AndroidManifest.xml:120:9-125:75
	android:screenOrientation
		ADDED from src\main\AndroidManifest.xml:124:13-49
	android:exported
		ADDED from src\main\AndroidManifest.xml:123:13-36
	android:configChanges
		ADDED from src\main\AndroidManifest.xml:122:13-74
	android:theme
		ADDED from src\main\AndroidManifest.xml:125:13-72
	android:name
		ADDED from src\main\AndroidManifest.xml:121:13-50
service#com.umeng.update.net.DownloadingService
ADDED from src\main\AndroidManifest.xml:127:9-130:19
	android:process
		ADDED from src\main\AndroidManifest.xml:129:13-50
	android:name
		ADDED from src\main\AndroidManifest.xml:128:13-67
activity#com.umeng.update.UpdateDialogActivity
ADDED from src\main\AndroidManifest.xml:132:9-135:20
	android:theme
		ADDED from src\main\AndroidManifest.xml:134:13-72
	android:name
		ADDED from src\main\AndroidManifest.xml:133:13-65